C51 COMPILER V9.54   UART                                                                  06/23/2022 16:10:59 PAGE 1   


C51 COMPILER V9.54, COMPILATION OF MODULE UART
OBJECT MODULE PLACED IN .\Objects\UART.obj
COMPILER INVOKED BY: C:\Program Files (x86)\K51\C51\BIN\C51.EXE UART.c OPTIMIZE(8,SPEED) BROWSE DEBUG OBJECTEXTEND PRINT
                    -(.\Listings\UART.lst) TABS(2) OBJECT(.\Objects\UART.obj)

line level    source

   1          #include <REGX52.H>
   2          
   3          /**
   4            * @brief  串口初始化，4800bps@12.000MHz
   5            * @param  无
   6            * @retval 无
   7            */
   8          void UART_Init()
   9          {
  10   1        SCON=0x40;
  11   1        PCON |= 0x80;
  12   1        
  13   1        TMOD &= 0x0F;   //设置定时器模式
  14   1        TMOD |= 0x20;   //设置定时器模式
  15   1        
  16   1        TL1 = 0xF3;   //设定定时初值
  17   1        TH1 = 0xF3;   //设定定时器重装值
  18   1        
  19   1        ET1 = 0;    //禁止定时器1中断
  20   1        TR1 = 1;    //启动定时器1
  21   1      }
  22          
  23          /**
  24            * @brief  串口发送一个字节数据
  25            * @param  Byte 要发送的一个字节数据
  26            * @retval 无
  27            */
  28          void UART_SendByte(unsigned char Byte)
  29          {
  30   1        SBUF=Byte;
  31   1        while(TI==0);
  32   1        TI=0;
  33   1      }


MODULE INFORMATION:   STATIC OVERLAYABLE
   CODE SIZE        =     31    ----
   CONSTANT SIZE    =   ----    ----
   XDATA SIZE       =   ----    ----
   PDATA SIZE       =   ----    ----
   DATA SIZE        =   ----    ----
   IDATA SIZE       =   ----    ----
   BIT SIZE         =   ----    ----
END OF MODULE INFORMATION.


C51 COMPILATION COMPLETE.  0 WARNING(S),  0 ERROR(S)
